TN:
SF:src\controllers\paymentController.js
FN:10,(anonymous_0)
FN:53,(anonymous_1)
FN:77,(anonymous_2)
FN:121,(anonymous_3)
FN:145,(anonymous_4)
FN:171,(anonymous_5)
FNF:6
FNH:0
FNDA:0,(anonymous_0)
FNDA:0,(anonymous_1)
FNDA:0,(anonymous_2)
FNDA:0,(anonymous_3)
FNDA:0,(anonymous_4)
FNDA:0,(anonymous_5)
DA:2,0
DA:3,0
DA:11,0
DA:12,0
DA:13,0
DA:16,0
DA:17,0
DA:20,0
DA:21,0
DA:24,0
DA:25,0
DA:28,0
DA:37,0
DA:39,0
DA:45,0
DA:54,0
DA:55,0
DA:56,0
DA:58,0
DA:59,0
DA:62,0
DA:64,0
DA:69,0
DA:78,0
DA:90,0
DA:92,0
DA:105,0
DA:107,0
DA:113,0
DA:122,0
DA:123,0
DA:124,0
DA:126,0
DA:127,0
DA:130,0
DA:132,0
DA:137,0
DA:146,0
DA:147,0
DA:148,0
DA:149,0
DA:151,0
DA:152,0
DA:155,0
DA:157,0
DA:163,0
DA:172,0
DA:173,0
DA:174,0
DA:176,0
DA:177,0
DA:180,0
DA:182,0
DA:187,0
DA:192,0
LF:55
LH:0
BRDA:16,0,0,0
BRDA:16,0,1,0
BRDA:20,1,0,0
BRDA:20,1,1,0
BRDA:20,2,0,0
BRDA:20,2,1,0
BRDA:24,3,0,0
BRDA:24,3,1,0
BRDA:24,4,0,0
BRDA:24,4,1,0
BRDA:33,5,0,0
BRDA:33,5,1,0
BRDA:58,6,0,0
BRDA:58,6,1,0
BRDA:93,7,0,0
BRDA:93,7,1,0
BRDA:94,8,0,0
BRDA:94,8,1,0
BRDA:95,9,0,0
BRDA:95,9,1,0
BRDA:96,10,0,0
BRDA:96,10,1,0
BRDA:97,11,0,0
BRDA:97,11,1,0
BRDA:126,12,0,0
BRDA:126,12,1,0
BRDA:151,13,0,0
BRDA:151,13,1,0
BRDA:176,14,0,0
BRDA:176,14,1,0
BRF:30
BRH:0
end_of_record
TN:
SF:src\controllers\salesController.js
FN:10,(anonymous_0)
FN:52,(anonymous_1)
FN:76,(anonymous_2)
FN:118,(anonymous_3)
FN:144,(anonymous_4)
FNF:5
FNH:0
FNDA:0,(anonymous_0)
FNDA:0,(anonymous_1)
FNDA:0,(anonymous_2)
FNDA:0,(anonymous_3)
FNDA:0,(anonymous_4)
DA:2,0
DA:3,0
DA:11,0
DA:12,0
DA:13,0
DA:16,0
DA:17,0
DA:21,0
DA:22,0
DA:23,0
DA:29,0
DA:36,0
DA:38,0
DA:44,0
DA:53,0
DA:54,0
DA:55,0
DA:57,0
DA:58,0
DA:61,0
DA:63,0
DA:68,0
DA:77,0
DA:88,0
DA:90,0
DA:102,0
DA:104,0
DA:110,0
DA:119,0
DA:120,0
DA:121,0
DA:122,0
DA:124,0
DA:125,0
DA:128,0
DA:130,0
DA:136,0
DA:145,0
DA:146,0
DA:148,0
DA:149,0
DA:152,0
DA:154,0
DA:159,0
DA:164,0
LF:45
LH:0
BRDA:16,0,0,0
BRDA:16,0,1,0
BRDA:16,1,0,0
BRDA:16,1,1,0
BRDA:16,1,2,0
BRDA:22,2,0,0
BRDA:22,2,1,0
BRDA:22,3,0,0
BRDA:22,3,1,0
BRDA:22,3,2,0
BRDA:31,4,0,0
BRDA:31,4,1,0
BRDA:33,5,0,0
BRDA:33,5,1,0
BRDA:57,6,0,0
BRDA:57,6,1,0
BRDA:91,7,0,0
BRDA:91,7,1,0
BRDA:92,8,0,0
BRDA:92,8,1,0
BRDA:93,9,0,0
BRDA:93,9,1,0
BRDA:94,10,0,0
BRDA:94,10,1,0
BRDA:124,11,0,0
BRDA:124,11,1,0
BRDA:148,12,0,0
BRDA:148,12,1,0
BRDA:148,13,0,0
BRDA:148,13,1,0
BRF:30
BRH:0
end_of_record
TN:
SF:src\routes\paymentRoutes.js
FNF:0
FNH:0
DA:2,0
DA:3,0
DA:4,0
DA:5,0
DA:6,0
DA:13,0
DA:25,0
DA:36,0
DA:47,0
DA:58,0
DA:69,0
DA:76,0
LF:12
LH:0
BRF:0
BRH:0
end_of_record
TN:
SF:src\routes\salesRoutes.js
FNF:0
FNH:0
DA:2,0
DA:3,0
DA:4,0
DA:5,0
DA:6,0
DA:13,0
DA:25,0
DA:36,0
DA:47,0
DA:59,0
DA:66,0
LF:11
LH:0
BRF:0
BRH:0
end_of_record
TN:
SF:src\services\paymentService.js
FN:11,(anonymous_0)
FN:25,(anonymous_1)
FN:53,(anonymous_2)
FN:116,(anonymous_3)
FN:154,(anonymous_4)
FN:225,(anonymous_5)
FN:241,(anonymous_6)
FN:286,(anonymous_7)
FN:365,(anonymous_8)
FN:396,(anonymous_9)
FN:424,(anonymous_10)
FN:425,(anonymous_11)
FN:466,(anonymous_12)
FN:507,(anonymous_13)
FN:533,(anonymous_14)
FNF:15
FNH:6
FNDA:14,(anonymous_0)
FNDA:10,(anonymous_1)
FNDA:7,(anonymous_2)
FNDA:0,(anonymous_3)
FNDA:0,(anonymous_4)
FNDA:4,(anonymous_5)
FNDA:0,(anonymous_6)
FNDA:0,(anonymous_7)
FNDA:0,(anonymous_8)
FNDA:0,(anonymous_9)
FNDA:0,(anonymous_10)
FNDA:0,(anonymous_11)
FNDA:0,(anonymous_12)
FNDA:3,(anonymous_13)
FNDA:3,(anonymous_14)
DA:2,1
DA:8,1
DA:12,14
DA:33,10
DA:36,10
DA:37,1
DA:40,9
DA:41,0
DA:44,9
DA:45,1
DA:48,8
DA:49,1
DA:53,7
DA:55,7
DA:59,7
DA:60,1
DA:63,6
DA:64,1
DA:67,5
DA:68,0
DA:72,5
DA:76,5
DA:77,0
DA:80,5
DA:83,5
DA:84,1
DA:88,4
DA:90,4
DA:91,1
DA:97,3
DA:98,3
DA:99,3
DA:106,3
DA:107,0
DA:110,3
DA:111,0
DA:115,3
DA:116,0
DA:119,3
DA:122,3
DA:123,0
DA:130,3
DA:143,3
DA:144,3
DA:152,3
DA:153,3
DA:154,0
DA:158,3
DA:159,3
DA:161,3
DA:162,0
DA:163,3
DA:164,3
DA:167,3
DA:174,3
DA:203,3
DA:226,4
DA:231,4
DA:233,4
DA:242,0
DA:274,0
DA:275,0
DA:278,0
DA:298,0
DA:300,0
DA:303,0
DA:305,0
DA:306,0
DA:307,0
DA:308,0
DA:310,0
DA:311,0
DA:312,0
DA:313,0
DA:317,0
DA:320,0
DA:349,0
DA:367,0
DA:390,0
DA:391,0
DA:395,0
DA:396,0
DA:400,0
DA:425,0
DA:427,0
DA:435,0
DA:436,0
DA:440,0
DA:441,0
DA:442,0
DA:446,0
DA:456,0
DA:457,0
DA:458,0
DA:465,0
DA:466,0
DA:470,0
DA:471,0
DA:473,0
DA:474,0
DA:475,0
DA:476,0
DA:479,0
DA:486,0
DA:490,0
DA:508,3
DA:519,3
DA:520,0
DA:524,3
DA:525,3
DA:526,3
DA:528,3
DA:529,4
DA:530,4
DA:532,4
DA:533,3
DA:536,4
DA:538,4
DA:539,4
DA:540,4
DA:550,3
DA:552,3
DA:570,1
DA:571,1
LF:124
LH:68
BRDA:12,0,0,14
BRDA:12,0,1,1
BRDA:31,1,0,0
BRDA:32,2,0,10
BRDA:36,3,0,1
BRDA:36,3,1,9
BRDA:40,4,0,0
BRDA:40,4,1,9
BRDA:44,5,0,1
BRDA:44,5,1,8
BRDA:44,6,0,9
BRDA:44,6,1,9
BRDA:48,7,0,1
BRDA:48,7,1,7
BRDA:48,8,0,8
BRDA:48,8,1,8
BRDA:59,9,0,1
BRDA:59,9,1,6
BRDA:63,10,0,1
BRDA:63,10,1,5
BRDA:63,11,0,6
BRDA:63,11,1,1
BRDA:67,12,0,0
BRDA:67,12,1,5
BRDA:76,13,0,0
BRDA:76,13,1,5
BRDA:83,14,0,1
BRDA:83,14,1,4
BRDA:90,15,0,1
BRDA:90,15,1,3
BRDA:90,16,0,4
BRDA:90,16,1,3
BRDA:98,17,0,3
BRDA:98,17,1,0
BRDA:106,18,0,0
BRDA:106,18,1,3
BRDA:110,19,0,0
BRDA:110,19,1,3
BRDA:122,20,0,0
BRDA:122,20,1,3
BRDA:152,21,0,3
BRDA:152,21,1,0
BRDA:152,22,0,3
BRDA:152,22,1,3
BRDA:161,23,0,0
BRDA:161,23,1,3
BRDA:163,24,0,3
BRDA:163,24,1,0
BRDA:231,25,0,0
BRDA:231,25,1,4
BRDA:233,26,0,4
BRDA:233,26,1,1
BRDA:274,27,0,0
BRDA:274,27,1,0
BRDA:286,28,0,0
BRDA:288,29,0,0
BRDA:289,30,0,0
BRDA:296,31,0,0
BRDA:297,32,0,0
BRDA:305,33,0,0
BRDA:305,33,1,0
BRDA:306,34,0,0
BRDA:306,34,1,0
BRDA:307,35,0,0
BRDA:307,35,1,0
BRDA:308,36,0,0
BRDA:308,36,1,0
BRDA:310,37,0,0
BRDA:310,37,1,0
BRDA:310,38,0,0
BRDA:310,38,1,0
BRDA:312,39,0,0
BRDA:312,39,1,0
BRDA:313,40,0,0
BRDA:313,40,1,0
BRDA:390,41,0,0
BRDA:390,41,1,0
BRDA:435,42,0,0
BRDA:435,42,1,0
BRDA:441,43,0,0
BRDA:441,43,1,0
BRDA:456,44,0,0
BRDA:456,44,1,0
BRDA:473,45,0,0
BRDA:473,45,1,0
BRDA:475,46,0,0
BRDA:475,46,1,0
BRDA:519,47,0,0
BRDA:519,47,1,3
BRDA:539,48,0,4
BRDA:539,48,1,0
BRF:91
BRH:42
end_of_record
TN:
SF:src\services\salesService.js
FN:12,(anonymous_0)
FN:24,(anonymous_1)
FN:37,(anonymous_2)
FN:232,(anonymous_3)
FN:255,(anonymous_4)
FN:288,(anonymous_5)
FN:306,(anonymous_6)
FN:383,(anonymous_7)
FN:384,(anonymous_8)
FN:444,(anonymous_9)
FN:459,(anonymous_10)
FNF:11
FNH:5
FNDA:16,(anonymous_0)
FNDA:20,(anonymous_1)
FNDA:16,(anonymous_2)
FNDA:5,(anonymous_3)
FNDA:0,(anonymous_4)
FNDA:0,(anonymous_5)
FNDA:0,(anonymous_6)
FNDA:0,(anonymous_7)
FNDA:0,(anonymous_8)
FNDA:0,(anonymous_9)
FNDA:3,(anonymous_10)
DA:2,1
DA:9,1
DA:13,16
DA:25,20
DA:28,20
DA:29,2
DA:32,18
DA:33,2
DA:37,16
DA:39,16
DA:43,16
DA:44,2
DA:47,14
DA:48,2
DA:51,12
DA:52,0
DA:56,12
DA:57,12
DA:58,12
DA:62,12
DA:63,0
DA:67,12
DA:71,12
DA:76,12
DA:77,2
DA:84,10
DA:88,10
DA:93,10
DA:94,10
DA:96,10
DA:97,11
DA:100,11
DA:101,0
DA:105,11
DA:109,11
DA:110,0
DA:114,11
DA:115,2
DA:121,9
DA:122,9
DA:123,2
DA:130,7
DA:131,7
DA:133,7
DA:142,7
DA:146,6
DA:147,6
DA:149,6
DA:150,2
DA:154,4
DA:167,4
DA:169,5
DA:179,5
DA:190,4
DA:191,4
DA:202,4
DA:227,4
DA:232,5
DA:256,0
DA:282,0
DA:283,0
DA:287,0
DA:288,0
DA:291,0
DA:293,0
DA:317,0
DA:319,0
DA:322,0
DA:324,0
DA:325,0
DA:326,0
DA:328,0
DA:329,0
DA:330,0
DA:331,0
DA:335,0
DA:338,0
DA:366,0
DA:384,0
DA:386,0
DA:395,0
DA:396,0
DA:400,0
DA:401,0
DA:405,0
DA:406,0
DA:407,0
DA:411,0
DA:412,0
DA:423,0
DA:424,0
DA:435,0
DA:439,0
DA:444,0
DA:460,3
DA:461,3
DA:463,3
DA:464,4
DA:465,4
DA:467,4
DA:476,3
DA:477,3
DA:478,1
DA:479,2
DA:480,1
DA:483,3
DA:485,3
DA:495,1
DA:496,1
LF:109
LH:69
BRDA:13,0,0,16
BRDA:13,0,1,1
BRDA:25,1,0,0
BRDA:28,2,0,2
BRDA:28,2,1,18
BRDA:32,3,0,2
BRDA:32,3,1,16
BRDA:32,4,0,18
BRDA:32,4,1,18
BRDA:32,4,2,18
BRDA:43,5,0,2
BRDA:43,5,1,14
BRDA:47,6,0,2
BRDA:47,6,1,12
BRDA:47,7,0,14
BRDA:47,7,1,2
BRDA:51,8,0,0
BRDA:51,8,1,12
BRDA:57,9,0,12
BRDA:57,9,1,0
BRDA:62,10,0,0
BRDA:62,10,1,12
BRDA:71,11,0,12
BRDA:71,11,1,0
BRDA:76,12,0,2
BRDA:76,12,1,10
BRDA:88,13,0,10
BRDA:88,13,1,0
BRDA:100,14,0,0
BRDA:100,14,1,11
BRDA:100,15,0,11
BRDA:100,15,1,11
BRDA:100,15,2,11
BRDA:109,16,0,0
BRDA:109,16,1,11
BRDA:114,17,0,2
BRDA:114,17,1,9
BRDA:122,18,0,2
BRDA:122,18,1,7
BRDA:130,19,0,7
BRDA:130,19,1,0
BRDA:146,20,0,6
BRDA:146,20,1,3
BRDA:149,21,0,2
BRDA:149,21,1,4
BRDA:156,22,0,4
BRDA:156,22,1,0
BRDA:190,23,0,4
BRDA:190,23,1,0
BRDA:282,24,0,0
BRDA:282,24,1,0
BRDA:306,25,0,0
BRDA:308,26,0,0
BRDA:309,27,0,0
BRDA:315,28,0,0
BRDA:316,29,0,0
BRDA:324,30,0,0
BRDA:324,30,1,0
BRDA:325,31,0,0
BRDA:325,31,1,0
BRDA:326,32,0,0
BRDA:326,32,1,0
BRDA:328,33,0,0
BRDA:328,33,1,0
BRDA:328,34,0,0
BRDA:328,34,1,0
BRDA:330,35,0,0
BRDA:330,35,1,0
BRDA:331,36,0,0
BRDA:331,36,1,0
BRDA:395,37,0,0
BRDA:395,37,1,0
BRDA:400,38,0,0
BRDA:400,38,1,0
BRDA:406,39,0,0
BRDA:406,39,1,0
BRDA:423,40,0,0
BRDA:423,40,1,0
BRDA:459,41,0,1
BRDA:477,42,0,1
BRDA:477,42,1,2
BRDA:479,43,0,1
BRDA:479,43,1,1
BRF:83
BRH:43
end_of_record
TN:
SF:src\utils\errorTypes.js
FN:7,(anonymous_0)
FN:20,(anonymous_1)
FN:31,(anonymous_2)
FN:42,(anonymous_3)
FN:53,(anonymous_4)
FN:64,(anonymous_5)
FN:75,(anonymous_6)
FN:86,(anonymous_7)
FN:97,(anonymous_8)
FN:108,(anonymous_9)
FN:119,(anonymous_10)
FNF:11
FNH:7
FNDA:23,(anonymous_0)
FNDA:9,(anonymous_1)
FNDA:11,(anonymous_2)
FNDA:3,(anonymous_3)
FNDA:0,(anonymous_4)
FNDA:0,(anonymous_5)
FNDA:2,(anonymous_6)
FNDA:2,(anonymous_7)
FNDA:1,(anonymous_8)
FNDA:0,(anonymous_9)
FNDA:0,(anonymous_10)
DA:8,23
DA:9,23
DA:10,23
DA:11,23
DA:21,9
DA:22,9
DA:32,11
DA:33,11
DA:43,3
DA:44,3
DA:54,0
DA:55,0
DA:65,0
DA:66,0
DA:76,2
DA:77,2
DA:87,2
DA:88,2
DA:98,1
DA:99,1
DA:109,0
DA:110,0
DA:120,0
DA:121,0
DA:125,2
LF:25
LH:17
BRDA:7,0,0,0
BRDA:53,1,0,0
BRDA:64,2,0,0
BRDA:119,3,0,0
BRF:4
BRH:0
end_of_record
